<!DOCTYPE html>

<html>
  <head>
  <meta charset='utf-8'>
  <title>TestNG reports</title>

    <link type="text/css" href="testng-reports.css" rel="stylesheet" />
    <script type="text/javascript" src="jquery-1.7.1.min.js"></script>
    <script type="text/javascript" src="testng-reports.js"></script>
    <script type="text/javascript" src="https://www.google.com/jsapi"></script>
    <script type='text/javascript'>
      google.load('visualization', '1', {packages:['table']});
      google.setOnLoadCallback(drawTable);
      var suiteTableInitFunctions = new Array();
      var suiteTableData = new Array();
    </script>
    <!--
      <script type="text/javascript" src="jquery-ui/js/jquery-ui-1.8.16.custom.min.js"></script>
     -->
  </head>

  <body>
    <div class="top-banner-root">
      <span class="top-banner-title-font">Test results</span>
      <br/>
      <span class="top-banner-font-1">1 suite, 1 failed test</span>
    </div> <!-- top-banner-root -->
    <div class="navigator-root">
      <div class="navigator-suite-header">
        <span>All suites</span>
        <a href="#" class="collapse-all-link" title="Collapse/expand all the suites">
          <img class="collapse-all-icon" src="collapseall.gif">
          </img> <!-- collapse-all-icon -->
        </a> <!-- collapse-all-link -->
      </div> <!-- navigator-suite-header -->
      <div class="suite">
        <div class="rounded-window">
          <div class="suite-header light-rounded-window-top">
            <a href="#" class="navigator-link" panel-name="suite-Default_suite">
              <span class="suite-name border-failed">Default suite</span>
            </a> <!-- navigator-link -->
          </div> <!-- suite-header light-rounded-window-top -->
          <div class="navigator-suite-content">
            <div class="suite-section-title">
              <span>Info</span>
            </div> <!-- suite-section-title -->
            <div class="suite-section-content">
              <ul>
                <li>
                  <a href="#" class="navigator-link " panel-name="test-xml-Default_suite">
                    <span>C:\Users\Akanksha Tomar\AppData\Local\Temp\testng-eclipse-2008162479\testng-customsuite.xml</span>
                  </a> <!-- navigator-link  -->
                </li>
                <li>
                  <a href="#" class="navigator-link " panel-name="testlist-Default_suite">
                    <span class="test-stats">1 test</span>
                  </a> <!-- navigator-link  -->
                </li>
                <li>
                  <a href="#" class="navigator-link " panel-name="group-Default_suite">
                    <span>0 groups</span>
                  </a> <!-- navigator-link  -->
                </li>
                <li>
                  <a href="#" class="navigator-link " panel-name="times-Default_suite">
                    <span>Times</span>
                  </a> <!-- navigator-link  -->
                </li>
                <li>
                  <a href="#" class="navigator-link " panel-name="reporter-Default_suite">
                    <span>Reporter output</span>
                  </a> <!-- navigator-link  -->
                </li>
                <li>
                  <a href="#" class="navigator-link " panel-name="ignored-methods-Default_suite">
                    <span>Ignored methods</span>
                  </a> <!-- navigator-link  -->
                </li>
                <li>
                  <a href="#" class="navigator-link " panel-name="chronological-Default_suite">
                    <span>Chronological view</span>
                  </a> <!-- navigator-link  -->
                </li>
              </ul>
            </div> <!-- suite-section-content -->
            <div class="result-section">
              <div class="suite-section-title">
                <span>Results</span>
              </div> <!-- suite-section-title -->
              <div class="suite-section-content">
                <ul>
                  <li>
                    <span class="method-stats">5 methods, 1 failed,   4 passed</span>
                  </li>
                  <li>
                    <span class="method-list-title failed">Failed methods</span>
                    <span class="show-or-hide-methods failed">
                      <a href="#" panel-name="suite-Default_suite" class="hide-methods failed suite-Default_suite"> (hide)</a> <!-- hide-methods failed suite-Default_suite -->
                      <a href="#" panel-name="suite-Default_suite" class="show-methods failed suite-Default_suite"> (show)</a> <!-- show-methods failed suite-Default_suite -->
                    </span>
                    <div class="method-list-content failed suite-Default_suite">
                      <span>
                        <img width="3%" src="failed.png"/>
                        <a href="#" class="method navigator-link" panel-name="suite-Default_suite" title="com.practice.testsuite.LoginPageValidation" hash-for-method="validateLogin(akanksha.tomar90@gmail.com, hem23kra, Akanksha, Test2, Fail, org.testng.TestRunner@128f282)">validateLogin(akanksha.tomar90@gmail.com, hem23kra, Akanksha, Test2, Fail, org.testng.TestRunner@128f282)</a> <!-- method navigator-link -->
                      </span>
                      <br/>
                    </div> <!-- method-list-content failed suite-Default_suite -->
                  </li>
                  <li>
                    <span class="method-list-title passed">Passed methods</span>
                    <span class="show-or-hide-methods passed">
                      <a href="#" panel-name="suite-Default_suite" class="hide-methods passed suite-Default_suite"> (hide)</a> <!-- hide-methods passed suite-Default_suite -->
                      <a href="#" panel-name="suite-Default_suite" class="show-methods passed suite-Default_suite"> (show)</a> <!-- show-methods passed suite-Default_suite -->
                    </span>
                    <div class="method-list-content passed suite-Default_suite">
                      <span>
                        <img width="3%" src="passed.png"/>
                        <a href="#" class="method navigator-link" panel-name="suite-Default_suite" title="com.practice.testsuite.ProductSearchValidation" hash-for-method="searchProduct(black dress, , 2019-08-18 20:47:35, org.testng.TestRunner@128f282)">searchProduct(black dress, , 2019-08-18 20:47:35, org.testng.TestRunner@128f282)</a> <!-- method navigator-link -->
                      </span>
                      <br/>
                      <span>
                        <img width="3%" src="passed.png"/>
                        <a href="#" class="method navigator-link" panel-name="suite-Default_suite" title="com.practice.testsuite.ProductSearchValidation" hash-for-method="searchProduct(iphone, , 2019-08-18 20:48:04, org.testng.TestRunner@128f282)">searchProduct(iphone, , 2019-08-18 20:48:04, org.testng.TestRunner@128f282)</a> <!-- method navigator-link -->
                      </span>
                      <br/>
                      <span>
                        <img width="3%" src="passed.png"/>
                        <a href="#" class="method navigator-link" panel-name="suite-Default_suite" title="com.practice.testsuite.ProductSearchValidation" hash-for-method="searchProduct(realme, , 2019-08-18 20:48:54, org.testng.TestRunner@128f282)">searchProduct(realme, , 2019-08-18 20:48:54, org.testng.TestRunner@128f282)</a> <!-- method navigator-link -->
                      </span>
                      <br/>
                      <span>
                        <img width="3%" src="passed.png"/>
                        <a href="#" class="method navigator-link" panel-name="suite-Default_suite" title="com.practice.testsuite.LoginPageValidation" hash-for-method="validateLogin(akankshat4@gmail.com, kra23hem, Akanksha, Test1, Pass, org.testng.TestRunner@128f282)">validateLogin(akankshat4@gmail.com, kra23hem, Akanksha, Test1, Pass, org.testng.TestRunner@128f282)</a> <!-- method navigator-link -->
                      </span>
                      <br/>
                    </div> <!-- method-list-content passed suite-Default_suite -->
                  </li>
                </ul>
              </div> <!-- suite-section-content -->
            </div> <!-- result-section -->
          </div> <!-- navigator-suite-content -->
        </div> <!-- rounded-window -->
      </div> <!-- suite -->
    </div> <!-- navigator-root -->
    <div class="wrapper">
      <div class="main-panel-root">
        <div panel-name="suite-Default_suite" class="panel Default_suite">
          <div class="suite-Default_suite-class-failed">
            <div class="main-panel-header rounded-window-top">
              <img src="failed.png"/>
              <span class="class-name">com.practice.testsuite.LoginPageValidation</span>
            </div> <!-- main-panel-header rounded-window-top -->
            <div class="main-panel-content rounded-window-bottom">
              <div class="method">
                <div class="method-content">
                  <a name="validateLogin(akanksha.tomar90@gmail.com, hem23kra, Akanksha, Test2, Fail, org.testng.TestRunner@128f282)">
                  </a> <!-- validateLogin(akanksha.tomar90@gmail.com, hem23kra, Akanksha, Test2, Fail, org.testng.TestRunner@128f282) -->
                  <span class="method-name">validateLogin</span>
                  <span class="parameters">(akanksha.tomar90@gmail.com, hem23kra, Akanksha, Test2, Fail, org.testng.TestRunner@128f282)</span>
                  <div class="stack-trace">org.openqa.selenium.TimeoutException: Expected condition failed: waiting for visibility of Proxy element for: DefaultElementLocator &apos;By.xpath: //*[@id=&apos;container&apos;]/div/div[1]/div[1]/div[2]/div[3]/div/div/div/div&apos; (tried for 20 second(s) with 500 milliseconds interval)
	at org.openqa.selenium.support.ui.WebDriverWait.timeoutException(WebDriverWait.java:95)
	at org.openqa.selenium.support.ui.FluentWait.until(FluentWait.java:272)
	at com.practice.pages.HomePagePOJO.findUserName(HomePagePOJO.java:36)
	at com.practice.functions.HomePageFunctions.findUserName(HomePageFunctions.java:23)
	at com.practice.testsuite.LoginPageValidation.validateLogin(LoginPageValidation.java:25)
	at sun.reflect.NativeMethodAccessorImpl.invoke0(Native Method)
	at sun.reflect.NativeMethodAccessorImpl.invoke(Unknown Source)
	at sun.reflect.DelegatingMethodAccessorImpl.invoke(Unknown Source)
	at java.lang.reflect.Method.invoke(Unknown Source)
	at org.testng.internal.MethodInvocationHelper.invokeMethod(MethodInvocationHelper.java:124)
	at org.testng.internal.Invoker.invokeMethod(Invoker.java:580)
	at org.testng.internal.Invoker.invokeTestMethod(Invoker.java:716)
	at org.testng.internal.Invoker.invokeTestMethods(Invoker.java:988)
	at org.testng.internal.TestMethodWorker.invokeTestMethods(TestMethodWorker.java:125)
	at org.testng.internal.TestMethodWorker.run(TestMethodWorker.java:109)
	at org.testng.TestRunner.privateRun(TestRunner.java:648)
	at org.testng.TestRunner.run(TestRunner.java:505)
	at org.testng.SuiteRunner.runTest(SuiteRunner.java:455)
	at org.testng.SuiteRunner.runSequentially(SuiteRunner.java:450)
	at org.testng.SuiteRunner.privateRun(SuiteRunner.java:415)
	at org.testng.SuiteRunner.run(SuiteRunner.java:364)
	at org.testng.SuiteRunnerWorker.runSuite(SuiteRunnerWorker.java:52)
	at org.testng.SuiteRunnerWorker.run(SuiteRunnerWorker.java:84)
	at org.testng.TestNG.runSuitesSequentially(TestNG.java:1208)
	at org.testng.TestNG.runSuitesLocally(TestNG.java:1137)
	at org.testng.TestNG.runSuites(TestNG.java:1049)
	at org.testng.TestNG.run(TestNG.java:1017)
	at org.testng.remote.AbstractRemoteTestNG.run(AbstractRemoteTestNG.java:114)
	at org.testng.remote.RemoteTestNG.initAndRun(RemoteTestNG.java:251)
	at org.testng.remote.RemoteTestNG.main(RemoteTestNG.java:77)
Caused by: org.openqa.selenium.NoSuchElementException: no such element: Unable to locate element: {&quot;method&quot;:&quot;xpath&quot;,&quot;selector&quot;:&quot;//*[@id=&apos;container&apos;]/div/div[1]/div[1]/div[2]/div[3]/div/div/div/div&quot;}
  (Session info: chrome=75.0.3770.142)
For documentation on this error, please visit: https://www.seleniumhq.org/exceptions/no_such_element.html
Build info: version: &apos;3.141.59&apos;, revision: &apos;e82be7d358&apos;, time: &apos;2018-11-14T08:17:03&apos;
System info: host: &apos;AKANKSHA-PC&apos;, ip: &apos;192.168.0.100&apos;, os.name: &apos;Windows 7&apos;, os.arch: &apos;x86&apos;, os.version: &apos;6.1&apos;, java.version: &apos;1.8.0_221&apos;
Driver info: org.openqa.selenium.chrome.ChromeDriver
Capabilities {acceptInsecureCerts: false, browserName: chrome, browserVersion: 75.0.3770.142, chrome: {chromedriverVersion: 75.0.3770.140 (2d9f97485c7b..., userDataDir: C:\Users\AKANKS~1\AppData\L...}, goog:chromeOptions: {debuggerAddress: localhost:59014}, javascriptEnabled: true, networkConnectionEnabled: false, pageLoadStrategy: normal, platform: XP, platformName: XP, proxy: Proxy(), setWindowRect: true, strictFileInteractability: false, timeouts: {implicit: 0, pageLoad: 300000, script: 30000}, unhandledPromptBehavior: dismiss and notify}
Session ID: df58b3eb759eaa0c91791952255668ed
*** Element info: {Using=xpath, value=//*[@id=&apos;container&apos;]/div/div[1]/div[1]/div[2]/div[3]/div/div/div/div}
	at sun.reflect.GeneratedConstructorAccessor21.newInstance(Unknown Source)
	at sun.reflect.DelegatingConstructorAccessorImpl.newInstance(Unknown Source)
	at java.lang.reflect.Constructor.newInstance(Unknown Source)
	at org.openqa.selenium.remote.http.W3CHttpResponseCodec.createException(W3CHttpResponseCodec.java:187)
	at org.openqa.selenium.remote.http.W3CHttpResponseCodec.decode(W3CHttpResponseCodec.java:122)
	at org.openqa.selenium.remote.http.W3CHttpResponseCodec.decode(W3CHttpResponseCodec.java:49)
	at org.openqa.selenium.remote.HttpCommandExecutor.execute(HttpCommandExecutor.java:158)
	at org.openqa.selenium.remote.service.DriverCommandExecutor.execute(DriverCommandExecutor.java:83)
	at org.openqa.selenium.remote.RemoteWebDriver.execute(RemoteWebDriver.java:552)
	at org.openqa.selenium.remote.RemoteWebDriver.findElement(RemoteWebDriver.java:323)
	at org.openqa.selenium.remote.RemoteWebDriver.findElementByXPath(RemoteWebDriver.java:428)
	at org.openqa.selenium.By$ByXPath.findElement(By.java:353)
	at org.openqa.selenium.remote.RemoteWebDriver.findElement(RemoteWebDriver.java:315)
	at sun.reflect.GeneratedMethodAccessor7.invoke(Unknown Source)
	at sun.reflect.DelegatingMethodAccessorImpl.invoke(Unknown Source)
	at java.lang.reflect.Method.invoke(Unknown Source)
	at org.openqa.selenium.support.events.EventFiringWebDriver.lambda$new$1(EventFiringWebDriver.java:105)
	at com.sun.proxy.$Proxy12.findElement(Unknown Source)
	at org.openqa.selenium.support.events.EventFiringWebDriver.findElement(EventFiringWebDriver.java:194)
	at org.openqa.selenium.support.pagefactory.DefaultElementLocator.findElement(DefaultElementLocator.java:69)
	at org.openqa.selenium.support.pagefactory.internal.LocatingElementHandler.invoke(LocatingElementHandler.java:38)
	at com.sun.proxy.$Proxy16.isDisplayed(Unknown Source)
	at org.openqa.selenium.support.ui.ExpectedConditions.elementIfVisible(ExpectedConditions.java:314)
	at org.openqa.selenium.support.ui.ExpectedConditions.access$000(ExpectedConditions.java:43)
	at org.openqa.selenium.support.ui.ExpectedConditions$10.apply(ExpectedConditions.java:300)
	at org.openqa.selenium.support.ui.ExpectedConditions$10.apply(ExpectedConditions.java:297)
	at org.openqa.selenium.support.ui.FluentWait.until(FluentWait.java:249)
	... 28 more

</div> <!-- stack-trace -->
                </div> <!-- method-content -->
              </div> <!-- method -->
            </div> <!-- main-panel-content rounded-window-bottom -->
          </div> <!-- suite-Default_suite-class-failed -->
          <div class="suite-Default_suite-class-passed">
            <div class="main-panel-header rounded-window-top">
              <img src="passed.png"/>
              <span class="class-name">com.practice.testsuite.LoginPageValidation</span>
            </div> <!-- main-panel-header rounded-window-top -->
            <div class="main-panel-content rounded-window-bottom">
              <div class="method">
                <div class="method-content">
                  <a name="validateLogin(akankshat4@gmail.com, kra23hem, Akanksha, Test1, Pass, org.testng.TestRunner@128f282)">
                  </a> <!-- validateLogin(akankshat4@gmail.com, kra23hem, Akanksha, Test1, Pass, org.testng.TestRunner@128f282) -->
                  <span class="method-name">validateLogin</span>
                  <span class="parameters">(akankshat4@gmail.com, kra23hem, Akanksha, Test1, Pass, org.testng.TestRunner@128f282)</span>
                </div> <!-- method-content -->
              </div> <!-- method -->
            </div> <!-- main-panel-content rounded-window-bottom -->
          </div> <!-- suite-Default_suite-class-passed -->
          <div class="suite-Default_suite-class-passed">
            <div class="main-panel-header rounded-window-top">
              <img src="passed.png"/>
              <span class="class-name">com.practice.testsuite.ProductSearchValidation</span>
            </div> <!-- main-panel-header rounded-window-top -->
            <div class="main-panel-content rounded-window-bottom">
              <div class="method">
                <div class="method-content">
                  <a name="searchProduct(black dress, , 2019-08-18 20:47:35, org.testng.TestRunner@128f282)">
                  </a> <!-- searchProduct(black dress, , 2019-08-18 20:47:35, org.testng.TestRunner@128f282) -->
                  <span class="method-name">searchProduct</span>
                  <span class="parameters">(black dress, , 2019-08-18 20:47:35, org.testng.TestRunner@128f282)</span>
                </div> <!-- method-content -->
              </div> <!-- method -->
              <div class="method">
                <div class="method-content">
                  <a name="searchProduct(iphone, , 2019-08-18 20:48:04, org.testng.TestRunner@128f282)">
                  </a> <!-- searchProduct(iphone, , 2019-08-18 20:48:04, org.testng.TestRunner@128f282) -->
                  <span class="method-name">searchProduct</span>
                  <span class="parameters">(iphone, , 2019-08-18 20:48:04, org.testng.TestRunner@128f282)</span>
                </div> <!-- method-content -->
              </div> <!-- method -->
              <div class="method">
                <div class="method-content">
                  <a name="searchProduct(realme, , 2019-08-18 20:48:54, org.testng.TestRunner@128f282)">
                  </a> <!-- searchProduct(realme, , 2019-08-18 20:48:54, org.testng.TestRunner@128f282) -->
                  <span class="method-name">searchProduct</span>
                  <span class="parameters">(realme, , 2019-08-18 20:48:54, org.testng.TestRunner@128f282)</span>
                </div> <!-- method-content -->
              </div> <!-- method -->
            </div> <!-- main-panel-content rounded-window-bottom -->
          </div> <!-- suite-Default_suite-class-passed -->
        </div> <!-- panel Default_suite -->
        <div panel-name="test-xml-Default_suite" class="panel">
          <div class="main-panel-header rounded-window-top">
            <span class="header-content">C:\Users\Akanksha Tomar\AppData\Local\Temp\testng-eclipse-2008162479\testng-customsuite.xml</span>
          </div> <!-- main-panel-header rounded-window-top -->
          <div class="main-panel-content rounded-window-bottom">
            <pre>
&lt;?xml version=&quot;1.0&quot; encoding=&quot;UTF-8&quot;?&gt;
&lt;!DOCTYPE suite SYSTEM &quot;http://testng.org/testng-1.0.dtd&quot;&gt;
&lt;suite guice-stage=&quot;DEVELOPMENT&quot; name=&quot;Default suite&quot;&gt;
  &lt;test thread-count=&quot;5&quot; verbose=&quot;2&quot; name=&quot;Default test&quot;&gt;
    &lt;classes&gt;
      &lt;class name=&quot;com.practice.pages.HomePagePOJO&quot;/&gt;
      &lt;class name=&quot;com.practice.base.WebDriverInstantiation&quot;/&gt;
      &lt;class name=&quot;com.practice.listener.CaptureEvidences&quot;/&gt;
      &lt;class name=&quot;com.practice.pages.LoginPagePOJO&quot;/&gt;
      &lt;class name=&quot;com.practice.functions.HomePageFunctions&quot;/&gt;
      &lt;class name=&quot;com.practice.functions.LoginPageFunctions&quot;/&gt;
      &lt;class name=&quot;com.practice.utility.EmailAuthenticator&quot;/&gt;
      &lt;class name=&quot;com.practice.utility.LoggerUtility&quot;/&gt;
      &lt;class name=&quot;com.practice.listener.EventListener&quot;/&gt;
      &lt;class name=&quot;com.practice.testsuite.LoginPageValidation&quot;/&gt;
      &lt;class name=&quot;com.practice.utility.EmailUtility&quot;/&gt;
      &lt;class name=&quot;com.practice.utility.ConfigPropertiesUtility&quot;/&gt;
      &lt;class name=&quot;com.practice.pages.SearchResultsPOJO&quot;/&gt;
      &lt;class name=&quot;com.practice.utility.DBConnectivity&quot;/&gt;
      &lt;class name=&quot;com.practice.testsuite.ProductSearchValidation&quot;/&gt;
      &lt;class name=&quot;com.practice.utility.FileOperationsUtility&quot;/&gt;
    &lt;/classes&gt;
  &lt;/test&gt; &lt;!-- Default test --&gt;
&lt;/suite&gt; &lt;!-- Default suite --&gt;
            </pre>
          </div> <!-- main-panel-content rounded-window-bottom -->
        </div> <!-- panel -->
        <div panel-name="testlist-Default_suite" class="panel">
          <div class="main-panel-header rounded-window-top">
            <span class="header-content">Tests for Default suite</span>
          </div> <!-- main-panel-header rounded-window-top -->
          <div class="main-panel-content rounded-window-bottom">
            <ul>
              <li>
                <span class="test-name">Default test (16 classes)</span>
              </li>
            </ul>
          </div> <!-- main-panel-content rounded-window-bottom -->
        </div> <!-- panel -->
        <div panel-name="group-Default_suite" class="panel">
          <div class="main-panel-header rounded-window-top">
            <span class="header-content">Groups for Default suite</span>
          </div> <!-- main-panel-header rounded-window-top -->
          <div class="main-panel-content rounded-window-bottom">
          </div> <!-- main-panel-content rounded-window-bottom -->
        </div> <!-- panel -->
        <div panel-name="times-Default_suite" class="panel">
          <div class="main-panel-header rounded-window-top">
            <span class="header-content">Times for Default suite</span>
          </div> <!-- main-panel-header rounded-window-top -->
          <div class="main-panel-content rounded-window-bottom">
            <div class="times-div">
              <script type="text/javascript">
suiteTableInitFunctions.push('tableData_Default_suite');
function tableData_Default_suite() {
var data = new google.visualization.DataTable();
data.addColumn('number', 'Number');
data.addColumn('string', 'Method');
data.addColumn('string', 'Class');
data.addColumn('number', 'Time (ms)');
data.addRows(5);
data.setCell(0, 0, 0)
data.setCell(0, 1, 'validateLogin')
data.setCell(0, 2, 'com.practice.testsuite.LoginPageValidation')
data.setCell(0, 3, 23701);
data.setCell(1, 0, 1)
data.setCell(1, 1, 'validateLogin')
data.setCell(1, 2, 'com.practice.testsuite.LoginPageValidation')
data.setCell(1, 3, 11873);
data.setCell(2, 0, 2)
data.setCell(2, 1, 'searchProduct')
data.setCell(2, 2, 'com.practice.testsuite.ProductSearchValidation')
data.setCell(2, 3, 4716);
data.setCell(3, 0, 3)
data.setCell(3, 1, 'searchProduct')
data.setCell(3, 2, 'com.practice.testsuite.ProductSearchValidation')
data.setCell(3, 3, 3541);
data.setCell(4, 0, 4)
data.setCell(4, 1, 'searchProduct')
data.setCell(4, 2, 'com.practice.testsuite.ProductSearchValidation')
data.setCell(4, 3, 3066);
window.suiteTableData['Default_suite']= { tableData: data, tableDiv: 'times-div-Default_suite'}
return data;
}
              </script>
              <span class="suite-total-time">Total running time: 46 seconds</span>
              <div id="times-div-Default_suite">
              </div> <!-- times-div-Default_suite -->
            </div> <!-- times-div -->
          </div> <!-- main-panel-content rounded-window-bottom -->
        </div> <!-- panel -->
        <div panel-name="reporter-Default_suite" class="panel">
          <div class="main-panel-header rounded-window-top">
            <span class="header-content">Reporter output for Default suite</span>
          </div> <!-- main-panel-header rounded-window-top -->
          <div class="main-panel-content rounded-window-bottom">
          </div> <!-- main-panel-content rounded-window-bottom -->
        </div> <!-- panel -->
        <div panel-name="ignored-methods-Default_suite" class="panel">
          <div class="main-panel-header rounded-window-top">
            <span class="header-content">6 ignored methods</span>
          </div> <!-- main-panel-header rounded-window-top -->
          <div class="main-panel-content rounded-window-bottom">
            <div class="ignored-class-div">
              <span class="ignored-class-name">com.practice.testsuite.LoginPageValidation</span>
              <div class="ignored-methods-div">
                <span class="ignored-method-name">setProperties</span>
                <br/>
                <span class="ignored-method-name">publishAutomationTestRunReport</span>
                <br/>
                <span class="ignored-method-name">startReport</span>
                <br/>
              </div> <!-- ignored-methods-div -->
            </div> <!-- ignored-class-div -->
            <div class="ignored-class-div">
              <span class="ignored-class-name">com.practice.testsuite.ProductSearchValidation</span>
              <div class="ignored-methods-div">
                <span class="ignored-method-name">setProperties</span>
                <br/>
                <span class="ignored-method-name">publishAutomationTestRunReport</span>
                <br/>
                <span class="ignored-method-name">startReport</span>
                <br/>
              </div> <!-- ignored-methods-div -->
            </div> <!-- ignored-class-div -->
          </div> <!-- main-panel-content rounded-window-bottom -->
        </div> <!-- panel -->
        <div panel-name="chronological-Default_suite" class="panel">
          <div class="main-panel-header rounded-window-top">
            <span class="header-content">Methods in chronological order</span>
          </div> <!-- main-panel-header rounded-window-top -->
          <div class="main-panel-content rounded-window-bottom">
            <div class="chronological-class">
              <div class="chronological-class-name">com.practice.base.WebDriverInstantiation</div> <!-- chronological-class-name -->
              <div class="configuration-suite before">
                <span class="method-name">setProperties</span>
                <span class="method-start">0 ms</span>
              </div> <!-- configuration-suite before -->
              <div class="configuration-test before">
                <span class="method-name">startReport</span>
                <span class="method-start">168 ms</span>
              </div> <!-- configuration-test before -->
            </div> <!-- chronological-class -->
            <div class="chronological-class">
              <div class="chronological-class-name">com.practice.testsuite.LoginPageValidation</div> <!-- chronological-class-name -->
              <div class="configuration-method before">
                <span class="method-name">instantiateDriver(org.testng.TestRunner@128f282)</span>
                <span class="method-start">2534 ms</span>
              </div> <!-- configuration-method before -->
              <div class="test-method">
                <span class="method-name">validateLogin(akankshat4@gmail.com, kra23hem, Akanksha, Test1, Pass, org.testng.TestRunner@128f282)</span>
                <span class="method-start">32429 ms</span>
              </div> <!-- test-method -->
              <div class="configuration-method after">
                <span class="method-name">getResult([TestResult name=validateLogin status=SUCCESS method=LoginPageValidation.validateLogin(java.lang.Str...)</span>
                <span class="method-start">46422 ms</span>
              </div> <!-- configuration-method after -->
              <div class="configuration-method after">
                <span class="method-name">teardown</span>
                <span class="method-start">46491 ms</span>
              </div> <!-- configuration-method after -->
              <div class="configuration-method before">
                <span class="method-name">instantiateDriver(org.testng.TestRunner@128f282)</span>
                <span class="method-start">47962 ms</span>
              </div> <!-- configuration-method before -->
              <div class="test-method">
                <img src="failed.png">
                </img>
                <span class="method-name">validateLogin(akanksha.tomar90@gmail.com, hem23kra, Akanksha, Test2, Fail, org.testng.TestRunner@128f282)</span>
                <span class="method-start">76192 ms</span>
              </div> <!-- test-method -->
              <div class="configuration-method after">
                <span class="method-name">getResult([TestResult name=validateLogin status=FAILURE method=LoginPageValidation.validateLogin(java.lang.Str...)</span>
                <span class="method-start">101264 ms</span>
              </div> <!-- configuration-method after -->
              <div class="configuration-method after">
                <span class="method-name">teardown</span>
                <span class="method-start">101274 ms</span>
              </div> <!-- configuration-method after -->
            </div> <!-- chronological-class -->
            <div class="chronological-class">
              <div class="chronological-class-name">com.practice.testsuite.ProductSearchValidation</div> <!-- chronological-class-name -->
              <div class="configuration-method before">
                <span class="method-name">instantiateDriver(org.testng.TestRunner@128f282)</span>
                <span class="method-start">105798 ms</span>
              </div> <!-- configuration-method before -->
              <div class="test-method">
                <span class="method-name">searchProduct(black dress, , 2019-08-18 20:47:35, org.testng.TestRunner@128f282)</span>
                <span class="method-start">128177 ms</span>
              </div> <!-- test-method -->
              <div class="configuration-method after">
                <span class="method-name">getResult([TestResult name=searchProduct status=SUCCESS method=ProductSearchValidation.searchProduct(java.lang...)</span>
                <span class="method-start">133306 ms</span>
              </div> <!-- configuration-method after -->
              <div class="configuration-method after">
                <span class="method-name">teardown</span>
                <span class="method-start">133308 ms</span>
              </div> <!-- configuration-method after -->
              <div class="configuration-method before">
                <span class="method-name">instantiateDriver(org.testng.TestRunner@128f282)</span>
                <span class="method-start">135116 ms</span>
              </div> <!-- configuration-method before -->
              <div class="test-method">
                <span class="method-name">searchProduct(iphone, , 2019-08-18 20:48:04, org.testng.TestRunner@128f282)</span>
                <span class="method-start">161187 ms</span>
              </div> <!-- test-method -->
              <div class="configuration-method after">
                <span class="method-name">getResult([TestResult name=searchProduct status=SUCCESS method=ProductSearchValidation.searchProduct(java.lang...)</span>
                <span class="method-start">166037 ms</span>
              </div> <!-- configuration-method after -->
              <div class="configuration-method after">
                <span class="method-name">teardown</span>
                <span class="method-start">166038 ms</span>
              </div> <!-- configuration-method after -->
              <div class="configuration-method before">
                <span class="method-name">instantiateDriver(org.testng.TestRunner@128f282)</span>
                <span class="method-start">167566 ms</span>
              </div> <!-- configuration-method before -->
              <div class="test-method">
                <span class="method-name">searchProduct(realme, , 2019-08-18 20:48:54, org.testng.TestRunner@128f282)</span>
                <span class="method-start">191724 ms</span>
              </div> <!-- test-method -->
              <div class="configuration-method after">
                <span class="method-name">getResult([TestResult name=searchProduct status=SUCCESS method=ProductSearchValidation.searchProduct(java.lang...)</span>
                <span class="method-start">198824 ms</span>
              </div> <!-- configuration-method after -->
              <div class="configuration-method after">
                <span class="method-name">teardown</span>
                <span class="method-start">198825 ms</span>
              </div> <!-- configuration-method after -->
            </div> <!-- chronological-class -->
            <div class="chronological-class">
              <div class="chronological-class-name">com.practice.base.WebDriverInstantiation</div> <!-- chronological-class-name -->
              <div class="configuration-suite after">
                <span class="method-name">publishAutomationTestRunReport</span>
                <span class="method-start">201007 ms</span>
              </div> <!-- configuration-suite after -->
          </div> <!-- main-panel-content rounded-window-bottom -->
        </div> <!-- panel -->
      </div> <!-- main-panel-root -->
    </div> <!-- wrapper -->
  </body>
</html>
