<?xml version="1.0" encoding="UTF-8"?>
<testng-results skipped="0" failed="1" ignored="6" total="11" passed="4">
  <reporter-output>
  </reporter-output>
  <suite name="Default suite" duration-ms="200571" started-at="2019-08-18T15:21:13Z" finished-at="2019-08-18T15:24:33Z">
    <groups>
    </groups>
    <test name="Default test" duration-ms="200571" started-at="2019-08-18T15:21:13Z" finished-at="2019-08-18T15:24:33Z">
      <class name="com.practice.testsuite.LoginPageValidation">
        <test-method status="PASS" signature="instantiateDriver(org.testng.ITestContext)[pri:0, instance:com.practice.testsuite.LoginPageValidation@1918c79]" name="instantiateDriver" is-config="true" duration-ms="29895" started-at="2019-08-18T15:21:15Z" finished-at="2019-08-18T15:21:45Z">
          <params>
            <param index="0">
              <value>
                <![CDATA[org.testng.TestRunner@128f282]]>
              </value>
            </param>
          </params>
          <reporter-output>
          </reporter-output>
        </test-method> <!-- instantiateDriver -->
        <test-method status="PASS" signature="validateLogin(java.lang.String, java.lang.String, java.lang.String, java.lang.String, java.lang.String, org.testng.ITestContext)[pri:0, instance:com.practice.testsuite.LoginPageValidation@1918c79]" name="validateLogin" duration-ms="11873" started-at="2019-08-18T15:21:45Z" data-provider="userDetails" finished-at="2019-08-18T15:21:57Z">
          <params>
            <param index="0">
              <value>
                <![CDATA[akankshat4@gmail.com]]>
              </value>
            </param>
            <param index="1">
              <value>
                <![CDATA[kra23hem]]>
              </value>
            </param>
            <param index="2">
              <value>
                <![CDATA[Akanksha]]>
              </value>
            </param>
            <param index="3">
              <value>
                <![CDATA[Test1]]>
              </value>
            </param>
            <param index="4">
              <value>
                <![CDATA[Pass]]>
              </value>
            </param>
            <param index="5">
              <value>
                <![CDATA[org.testng.TestRunner@128f282]]>
              </value>
            </param>
          </params>
          <reporter-output>
          </reporter-output>
        </test-method> <!-- validateLogin -->
        <test-method status="PASS" signature="getResult(org.testng.ITestResult)[pri:0, instance:com.practice.testsuite.LoginPageValidation@1918c79]" name="getResult" is-config="true" duration-ms="69" started-at="2019-08-18T15:21:59Z" finished-at="2019-08-18T15:21:59Z">
          <params>
            <param index="0">
              <value>
                <![CDATA[[TestResult name=validateLogin status=SUCCESS method=LoginPageValidation.validateLogin(java.lang.String, java.lang.String, java.lang.String, java.lang.String, java.lang.String, org.testng.ITestContext)[pri:0, instance:com.practice.testsuite.LoginPageValidation@1918c79] output={null}]]]>
              </value>
            </param>
          </params>
          <reporter-output>
          </reporter-output>
        </test-method> <!-- getResult -->
        <test-method status="PASS" signature="teardown()[pri:0, instance:com.practice.testsuite.LoginPageValidation@1918c79]" name="teardown" is-config="true" duration-ms="1470" started-at="2019-08-18T15:21:59Z" finished-at="2019-08-18T15:22:01Z">
          <reporter-output>
          </reporter-output>
        </test-method> <!-- teardown -->
        <test-method status="PASS" signature="instantiateDriver(org.testng.ITestContext)[pri:0, instance:com.practice.testsuite.LoginPageValidation@1918c79]" name="instantiateDriver" is-config="true" duration-ms="28229" started-at="2019-08-18T15:22:01Z" finished-at="2019-08-18T15:22:29Z">
          <params>
            <param index="0">
              <value>
                <![CDATA[org.testng.TestRunner@128f282]]>
              </value>
            </param>
          </params>
          <reporter-output>
          </reporter-output>
        </test-method> <!-- instantiateDriver -->
        <test-method status="FAIL" signature="validateLogin(java.lang.String, java.lang.String, java.lang.String, java.lang.String, java.lang.String, org.testng.ITestContext)[pri:0, instance:com.practice.testsuite.LoginPageValidation@1918c79]" name="validateLogin" duration-ms="23701" started-at="2019-08-18T15:22:29Z" data-provider="userDetails" finished-at="2019-08-18T15:22:53Z">
          <params>
            <param index="0">
              <value>
                <![CDATA[akanksha.tomar90@gmail.com]]>
              </value>
            </param>
            <param index="1">
              <value>
                <![CDATA[hem23kra]]>
              </value>
            </param>
            <param index="2">
              <value>
                <![CDATA[Akanksha]]>
              </value>
            </param>
            <param index="3">
              <value>
                <![CDATA[Test2]]>
              </value>
            </param>
            <param index="4">
              <value>
                <![CDATA[Fail]]>
              </value>
            </param>
            <param index="5">
              <value>
                <![CDATA[org.testng.TestRunner@128f282]]>
              </value>
            </param>
          </params>
          <exception class="org.openqa.selenium.TimeoutException">
            <message>
              <![CDATA[Expected condition failed: waiting for visibility of Proxy element for: DefaultElementLocator 'By.xpath: //*[@id='container']/div/div[1]/div[1]/div[2]/div[3]/div/div/div/div' (tried for 20 second(s) with 500 milliseconds interval)]]>
            </message>
            <full-stacktrace>
              <![CDATA[org.openqa.selenium.TimeoutException: Expected condition failed: waiting for visibility of Proxy element for: DefaultElementLocator 'By.xpath: //*[@id='container']/div/div[1]/div[1]/div[2]/div[3]/div/div/div/div' (tried for 20 second(s) with 500 milliseconds interval)
at org.openqa.selenium.support.ui.WebDriverWait.timeoutException(WebDriverWait.java:95)
at org.openqa.selenium.support.ui.FluentWait.until(FluentWait.java:272)
at com.practice.pages.HomePagePOJO.findUserName(HomePagePOJO.java:36)
at com.practice.functions.HomePageFunctions.findUserName(HomePageFunctions.java:23)
at com.practice.testsuite.LoginPageValidation.validateLogin(LoginPageValidation.java:25)
at sun.reflect.NativeMethodAccessorImpl.invoke0(Native Method)
at sun.reflect.NativeMethodAccessorImpl.invoke(Unknown Source)
at sun.reflect.DelegatingMethodAccessorImpl.invoke(Unknown Source)
at java.lang.reflect.Method.invoke(Unknown Source)
at org.testng.internal.MethodInvocationHelper.invokeMethod(MethodInvocationHelper.java:124)
at org.testng.internal.Invoker.invokeMethod(Invoker.java:580)
at org.testng.internal.Invoker.invokeTestMethod(Invoker.java:716)
at org.testng.internal.Invoker.invokeTestMethods(Invoker.java:988)
at org.testng.internal.TestMethodWorker.invokeTestMethods(TestMethodWorker.java:125)
at org.testng.internal.TestMethodWorker.run(TestMethodWorker.java:109)
at org.testng.TestRunner.privateRun(TestRunner.java:648)
at org.testng.TestRunner.run(TestRunner.java:505)
at org.testng.SuiteRunner.runTest(SuiteRunner.java:455)
at org.testng.SuiteRunner.runSequentially(SuiteRunner.java:450)
at org.testng.SuiteRunner.privateRun(SuiteRunner.java:415)
at org.testng.SuiteRunner.run(SuiteRunner.java:364)
at org.testng.SuiteRunnerWorker.runSuite(SuiteRunnerWorker.java:52)
at org.testng.SuiteRunnerWorker.run(SuiteRunnerWorker.java:84)
at org.testng.TestNG.runSuitesSequentially(TestNG.java:1208)
at org.testng.TestNG.runSuitesLocally(TestNG.java:1137)
at org.testng.TestNG.runSuites(TestNG.java:1049)
at org.testng.TestNG.run(TestNG.java:1017)
at org.testng.remote.AbstractRemoteTestNG.run(AbstractRemoteTestNG.java:114)
at org.testng.remote.RemoteTestNG.initAndRun(RemoteTestNG.java:251)
at org.testng.remote.RemoteTestNG.main(RemoteTestNG.java:77)
Caused by: org.openqa.selenium.NoSuchElementException: no such element: Unable to locate element: {"method":"xpath","selector":"//*[@id='container']/div/div[1]/div[1]/div[2]/div[3]/div/div/div/div"}
  (Session info: chrome=75.0.3770.142)
For documentation on this error, please visit: https://www.seleniumhq.org/exceptions/no_such_element.html
Build info: version: '3.141.59', revision: 'e82be7d358', time: '2018-11-14T08:17:03'
System info: host: 'AKANKSHA-PC', ip: '192.168.0.100', os.name: 'Windows 7', os.arch: 'x86', os.version: '6.1', java.version: '1.8.0_221'
Driver info: org.openqa.selenium.chrome.ChromeDriver
Capabilities {acceptInsecureCerts: false, browserName: chrome, browserVersion: 75.0.3770.142, chrome: {chromedriverVersion: 75.0.3770.140 (2d9f97485c7b..., userDataDir: C:\Users\AKANKS~1\AppData\L...}, goog:chromeOptions: {debuggerAddress: localhost:59014}, javascriptEnabled: true, networkConnectionEnabled: false, pageLoadStrategy: normal, platform: XP, platformName: XP, proxy: Proxy(), setWindowRect: true, strictFileInteractability: false, timeouts: {implicit: 0, pageLoad: 300000, script: 30000}, unhandledPromptBehavior: dismiss and notify}
Session ID: df58b3eb759eaa0c91791952255668ed
*** Element info: {Using=xpath, value=//*[@id='container']/div/div[1]/div[1]/div[2]/div[3]/div/div/div/div}
at sun.reflect.GeneratedConstructorAccessor21.newInstance(Unknown Source)
at sun.reflect.DelegatingConstructorAccessorImpl.newInstance(Unknown Source)
at java.lang.reflect.Constructor.newInstance(Unknown Source)
at org.openqa.selenium.remote.http.W3CHttpResponseCodec.createException(W3CHttpResponseCodec.java:187)
at org.openqa.selenium.remote.http.W3CHttpResponseCodec.decode(W3CHttpResponseCodec.java:122)
at org.openqa.selenium.remote.http.W3CHttpResponseCodec.decode(W3CHttpResponseCodec.java:49)
at org.openqa.selenium.remote.HttpCommandExecutor.execute(HttpCommandExecutor.java:158)
at org.openqa.selenium.remote.service.DriverCommandExecutor.execute(DriverCommandExecutor.java:83)
at org.openqa.selenium.remote.RemoteWebDriver.execute(RemoteWebDriver.java:552)
at org.openqa.selenium.remote.RemoteWebDriver.findElement(RemoteWebDriver.java:323)
at org.openqa.selenium.remote.RemoteWebDriver.findElementByXPath(RemoteWebDriver.java:428)
at org.openqa.selenium.By$ByXPath.findElement(By.java:353)
at org.openqa.selenium.remote.RemoteWebDriver.findElement(RemoteWebDriver.java:315)
at sun.reflect.GeneratedMethodAccessor7.invoke(Unknown Source)
at sun.reflect.DelegatingMethodAccessorImpl.invoke(Unknown Source)
at java.lang.reflect.Method.invoke(Unknown Source)
at org.openqa.selenium.support.events.EventFiringWebDriver.lambda$new$1(EventFiringWebDriver.java:105)
at com.sun.proxy.$Proxy12.findElement(Unknown Source)
at org.openqa.selenium.support.events.EventFiringWebDriver.findElement(EventFiringWebDriver.java:194)
at org.openqa.selenium.support.pagefactory.DefaultElementLocator.findElement(DefaultElementLocator.java:69)
at org.openqa.selenium.support.pagefactory.internal.LocatingElementHandler.invoke(LocatingElementHandler.java:38)
at com.sun.proxy.$Proxy16.isDisplayed(Unknown Source)
at org.openqa.selenium.support.ui.ExpectedConditions.elementIfVisible(ExpectedConditions.java:314)
at org.openqa.selenium.support.ui.ExpectedConditions.access$000(ExpectedConditions.java:43)
at org.openqa.selenium.support.ui.ExpectedConditions$10.apply(ExpectedConditions.java:300)
at org.openqa.selenium.support.ui.ExpectedConditions$10.apply(ExpectedConditions.java:297)
at org.openqa.selenium.support.ui.FluentWait.until(FluentWait.java:249)
... 28 more
]]>
            </full-stacktrace>
          </exception> <!-- org.openqa.selenium.TimeoutException -->
          <reporter-output>
          </reporter-output>
        </test-method> <!-- validateLogin -->
        <test-method status="PASS" signature="getResult(org.testng.ITestResult)[pri:0, instance:com.practice.testsuite.LoginPageValidation@1918c79]" name="getResult" is-config="true" duration-ms="10" started-at="2019-08-18T15:22:54Z" finished-at="2019-08-18T15:22:54Z">
          <params>
            <param index="0">
              <value>
                <![CDATA[[TestResult name=validateLogin status=FAILURE method=LoginPageValidation.validateLogin(java.lang.String, java.lang.String, java.lang.String, java.lang.String, java.lang.String, org.testng.ITestContext)[pri:0, instance:com.practice.testsuite.LoginPageValidation@1918c79] output={null}]]]>
              </value>
            </param>
          </params>
          <reporter-output>
          </reporter-output>
        </test-method> <!-- getResult -->
        <test-method status="PASS" signature="teardown()[pri:0, instance:com.practice.testsuite.LoginPageValidation@1918c79]" name="teardown" is-config="true" duration-ms="1847" started-at="2019-08-18T15:22:54Z" finished-at="2019-08-18T15:22:56Z">
          <reporter-output>
          </reporter-output>
        </test-method> <!-- teardown -->
      </class> <!-- com.practice.testsuite.LoginPageValidation -->
      <class name="com.practice.base.WebDriverInstantiation">
        <test-method status="PASS" signature="setProperties()[pri:0, instance:com.practice.base.WebDriverInstantiation@c5cc4c]" name="setProperties" is-config="true" duration-ms="158" started-at="2019-08-18T15:21:13Z" finished-at="2019-08-18T15:21:13Z">
          <reporter-output>
          </reporter-output>
        </test-method> <!-- setProperties -->
        <test-method status="PASS" signature="startReport()[pri:0, instance:com.practice.base.WebDriverInstantiation@c5cc4c]" name="startReport" is-config="true" duration-ms="365" started-at="2019-08-18T15:21:13Z" finished-at="2019-08-18T15:21:13Z">
          <reporter-output>
          </reporter-output>
        </test-method> <!-- startReport -->
        <test-method status="PASS" signature="publishAutomationTestRunReport()[pri:0, instance:com.practice.base.WebDriverInstantiation@c5cc4c]" name="publishAutomationTestRunReport" is-config="true" duration-ms="6784" started-at="2019-08-18T15:24:34Z" finished-at="2019-08-18T15:24:41Z">
          <reporter-output>
          </reporter-output>
        </test-method> <!-- publishAutomationTestRunReport -->
      </class> <!-- com.practice.base.WebDriverInstantiation -->
      <class name="com.practice.testsuite.ProductSearchValidation">
        <test-method status="PASS" signature="instantiateDriver(org.testng.ITestContext)[pri:0, instance:com.practice.testsuite.ProductSearchValidation@e94dcf]" name="instantiateDriver" is-config="true" duration-ms="22379" started-at="2019-08-18T15:22:59Z" finished-at="2019-08-18T15:23:21Z">
          <params>
            <param index="0">
              <value>
                <![CDATA[org.testng.TestRunner@128f282]]>
              </value>
            </param>
          </params>
          <reporter-output>
          </reporter-output>
        </test-method> <!-- instantiateDriver -->
        <test-method status="PASS" signature="searchProduct(java.lang.String, java.lang.String, java.lang.String, org.testng.ITestContext)[pri:0, instance:com.practice.testsuite.ProductSearchValidation@e94dcf]" name="searchProduct" duration-ms="3541" started-at="2019-08-18T15:23:21Z" data-provider="listOfProducts" finished-at="2019-08-18T15:23:24Z">
          <params>
            <param index="0">
              <value>
                <![CDATA[black dress]]>
              </value>
            </param>
            <param index="1">
              <value>
                <![CDATA[]]>
              </value>
            </param>
            <param index="2">
              <value>
                <![CDATA[2019-08-18 20:47:35]]>
              </value>
            </param>
            <param index="3">
              <value>
                <![CDATA[org.testng.TestRunner@128f282]]>
              </value>
            </param>
          </params>
          <reporter-output>
          </reporter-output>
        </test-method> <!-- searchProduct -->
        <test-method status="PASS" signature="getResult(org.testng.ITestResult)[pri:0, instance:com.practice.testsuite.ProductSearchValidation@e94dcf]" name="getResult" is-config="true" duration-ms="2" started-at="2019-08-18T15:23:26Z" finished-at="2019-08-18T15:23:26Z">
          <params>
            <param index="0">
              <value>
                <![CDATA[[TestResult name=searchProduct status=SUCCESS method=ProductSearchValidation.searchProduct(java.lang.String, java.lang.String, java.lang.String, org.testng.ITestContext)[pri:0, instance:com.practice.testsuite.ProductSearchValidation@e94dcf] output={null}]]]>
              </value>
            </param>
          </params>
          <reporter-output>
          </reporter-output>
        </test-method> <!-- getResult -->
        <test-method status="PASS" signature="teardown()[pri:0, instance:com.practice.testsuite.ProductSearchValidation@e94dcf]" name="teardown" is-config="true" duration-ms="1808" started-at="2019-08-18T15:23:26Z" finished-at="2019-08-18T15:23:28Z">
          <reporter-output>
          </reporter-output>
        </test-method> <!-- teardown -->
        <test-method status="PASS" signature="instantiateDriver(org.testng.ITestContext)[pri:0, instance:com.practice.testsuite.ProductSearchValidation@e94dcf]" name="instantiateDriver" is-config="true" duration-ms="26071" started-at="2019-08-18T15:23:28Z" finished-at="2019-08-18T15:23:54Z">
          <params>
            <param index="0">
              <value>
                <![CDATA[org.testng.TestRunner@128f282]]>
              </value>
            </param>
          </params>
          <reporter-output>
          </reporter-output>
        </test-method> <!-- instantiateDriver -->
        <test-method status="PASS" signature="searchProduct(java.lang.String, java.lang.String, java.lang.String, org.testng.ITestContext)[pri:0, instance:com.practice.testsuite.ProductSearchValidation@e94dcf]" name="searchProduct" duration-ms="3066" started-at="2019-08-18T15:23:54Z" data-provider="listOfProducts" finished-at="2019-08-18T15:23:57Z">
          <params>
            <param index="0">
              <value>
                <![CDATA[iphone]]>
              </value>
            </param>
            <param index="1">
              <value>
                <![CDATA[]]>
              </value>
            </param>
            <param index="2">
              <value>
                <![CDATA[2019-08-18 20:48:04]]>
              </value>
            </param>
            <param index="3">
              <value>
                <![CDATA[org.testng.TestRunner@128f282]]>
              </value>
            </param>
          </params>
          <reporter-output>
          </reporter-output>
        </test-method> <!-- searchProduct -->
        <test-method status="PASS" signature="getResult(org.testng.ITestResult)[pri:0, instance:com.practice.testsuite.ProductSearchValidation@e94dcf]" name="getResult" is-config="true" duration-ms="1" started-at="2019-08-18T15:23:59Z" finished-at="2019-08-18T15:23:59Z">
          <params>
            <param index="0">
              <value>
                <![CDATA[[TestResult name=searchProduct status=SUCCESS method=ProductSearchValidation.searchProduct(java.lang.String, java.lang.String, java.lang.String, org.testng.ITestContext)[pri:0, instance:com.practice.testsuite.ProductSearchValidation@e94dcf] output={null}]]]>
              </value>
            </param>
          </params>
          <reporter-output>
          </reporter-output>
        </test-method> <!-- getResult -->
        <test-method status="PASS" signature="teardown()[pri:0, instance:com.practice.testsuite.ProductSearchValidation@e94dcf]" name="teardown" is-config="true" duration-ms="1527" started-at="2019-08-18T15:23:59Z" finished-at="2019-08-18T15:24:00Z">
          <reporter-output>
          </reporter-output>
        </test-method> <!-- teardown -->
        <test-method status="PASS" signature="instantiateDriver(org.testng.ITestContext)[pri:0, instance:com.practice.testsuite.ProductSearchValidation@e94dcf]" name="instantiateDriver" is-config="true" duration-ms="24158" started-at="2019-08-18T15:24:00Z" finished-at="2019-08-18T15:24:24Z">
          <params>
            <param index="0">
              <value>
                <![CDATA[org.testng.TestRunner@128f282]]>
              </value>
            </param>
          </params>
          <reporter-output>
          </reporter-output>
        </test-method> <!-- instantiateDriver -->
        <test-method status="PASS" signature="searchProduct(java.lang.String, java.lang.String, java.lang.String, org.testng.ITestContext)[pri:0, instance:com.practice.testsuite.ProductSearchValidation@e94dcf]" name="searchProduct" duration-ms="4716" started-at="2019-08-18T15:24:24Z" data-provider="listOfProducts" finished-at="2019-08-18T15:24:29Z">
          <params>
            <param index="0">
              <value>
                <![CDATA[realme]]>
              </value>
            </param>
            <param index="1">
              <value>
                <![CDATA[]]>
              </value>
            </param>
            <param index="2">
              <value>
                <![CDATA[2019-08-18 20:48:54]]>
              </value>
            </param>
            <param index="3">
              <value>
                <![CDATA[org.testng.TestRunner@128f282]]>
              </value>
            </param>
          </params>
          <reporter-output>
          </reporter-output>
        </test-method> <!-- searchProduct -->
        <test-method status="PASS" signature="getResult(org.testng.ITestResult)[pri:0, instance:com.practice.testsuite.ProductSearchValidation@e94dcf]" name="getResult" is-config="true" duration-ms="1" started-at="2019-08-18T15:24:32Z" finished-at="2019-08-18T15:24:32Z">
          <params>
            <param index="0">
              <value>
                <![CDATA[[TestResult name=searchProduct status=SUCCESS method=ProductSearchValidation.searchProduct(java.lang.String, java.lang.String, java.lang.String, org.testng.ITestContext)[pri:0, instance:com.practice.testsuite.ProductSearchValidation@e94dcf] output={null}]]]>
              </value>
            </param>
          </params>
          <reporter-output>
          </reporter-output>
        </test-method> <!-- getResult -->
        <test-method status="PASS" signature="teardown()[pri:0, instance:com.practice.testsuite.ProductSearchValidation@e94dcf]" name="teardown" is-config="true" duration-ms="1902" started-at="2019-08-18T15:24:32Z" finished-at="2019-08-18T15:24:33Z">
          <reporter-output>
          </reporter-output>
        </test-method> <!-- teardown -->
      </class> <!-- com.practice.testsuite.ProductSearchValidation -->
    </test> <!-- Default test -->
  </suite> <!-- Default suite -->
</testng-results>
